
lis 18, 2021 2:11:37 PM main main
FINER: ENTRY
lis 18, 2021 2:11:42 PM main main
INFO: Imie gracza: dominik
lis 18, 2021 2:26:08 PM main main
FINER: ENTRY
lis 18, 2021 2:26:12 PM main main
INFO: Imie gracza: fafawfa
lis 18, 2021 2:26:15 PM main main
FINER: ENTRY
lis 18, 2021 2:26:21 PM main main
INFO: Imie gracza: awfawfa
lis 18, 2021 2:26:21 PM main main
INFO: Nowa gra
lis 18, 2021 2:26:35 PM main main
INFO: Liczba podana przez gracza 1/2
lis 18, 2021 2:26:35 PM main main
INFO: Wygra³ gracz
lis 18, 2021 2:26:35 PM main main
INFO: Runda Trwala: 14006101300
lis 19, 2021 5:57:26 PM main main
FINER: ENTRY
